Using pre-set license
Built from '2020.3/china_unity/release' branch; Version is '2020.3.28f1c1 (048a2ac0d3c1) revision 297514'; Using compiler version '192528614'; Build Type 'Release'
OS: 'Windows 11  (10.0.22621) 64bit CoreCountrySpecific' Language: 'zh' Physical Memory: 32564 MB
BatchMode: 1, IsHumanControllingUs: 0, StartBugReporterOnCrash: 0, Is64bit: 1, IsPro: 0

COMMAND LINE ARGUMENTS:
C:\Program Files\Unity\Hub\Editor\2020.3.28f1c1\Editor\Unity.exe
-adb2
-batchMode
-noUpm
-name
AssetImportWorker0
-projectPath
D:/unityTank
-logFile
Logs/AssetImportWorker0.log
-srvPort
64387
Successfully changed project path to: D:/unityTank
D:/unityTank
Using Asset Import Pipeline V2.
AS: AutoStreaming module initializing.Refreshing native plugins compatible for Editor in 45.75 ms, found 3 plugins.
Preloading 0 native plugins for Editor in 0.00 ms.
Initialize engine version: 2020.3.28f1c1 (048a2ac0d3c1)
[Subsystems] Discovering subsystems at path C:/Program Files/Unity/Hub/Editor/2020.3.28f1c1/Editor/Data/Resources/UnitySubsystems
[Subsystems] Discovering subsystems at path D:/unityTank/Assets
GfxDevice: creating device client; threaded=0
Direct3D:
    Version:  Direct3D 11.0 [level 11.1]
    Renderer: NVIDIA GeForce GTX 1050 (ID=0x1c81)
    Vendor:   
    VRAM:     1977 MB
    Driver:   31.0.15.1748
Initialize mono
Mono path[0] = 'C:/Program Files/Unity/Hub/Editor/2020.3.28f1c1/Editor/Data/Managed'
Mono path[1] = 'C:/Program Files/Unity/Hub/Editor/2020.3.28f1c1/Editor/Data/MonoBleedingEdge/lib/mono/unityjit'
Mono config path = 'C:/Program Files/Unity/Hub/Editor/2020.3.28f1c1/Editor/Data/MonoBleedingEdge/etc'
Using monoOptions --debugger-agent=transport=dt_socket,embedding=1,server=y,suspend=n,address=127.0.0.1:56064
Begin MonoManager ReloadAssembly
Registering precompiled unity dll's ...
Register platform support module: C:/Program Files/Unity/Hub/Editor/2020.3.28f1c1/Editor/Data/PlaybackEngines/WindowsStandaloneSupport/UnityEditor.WindowsStandalone.Extensions.dll
Registered in 0.001511 seconds.
Native extension for WindowsStandalone target not found
Refreshing native plugins compatible for Editor in 40.96 ms, found 3 plugins.
Preloading 0 native plugins for Editor in 0.00 ms.
Mono: successfully reloaded assembly
- Completed reload, in  0.527 seconds
Domain Reload Profiling:
	ReloadAssembly (527ms)
		BeginReloadAssembly (57ms)
			ExecutionOrderSort (0ms)
			DisableScriptedObjects (0ms)
			BackupInstance (0ms)
			ReleaseScriptingObjects (0ms)
			CreateAndSetChildDomain (1ms)
		EndReloadAssembly (405ms)
			LoadAssemblies (54ms)
			RebuildTransferFunctionScriptingTraits (0ms)
			SetupTypeCache (140ms)
			ReleaseScriptCaches (0ms)
			RebuildScriptCaches (29ms)
			SetupLoadedEditorAssemblies (152ms)
				LogAssemblyErrors (0ms)
				InitializePlatformSupportModulesInManaged (4ms)
				SetLoadedEditorAssemblies (0ms)
				RefreshPlugins (41ms)
				BeforeProcessingInitializeOnLoad (9ms)
				ProcessInitializeOnLoadAttributes (71ms)
				ProcessInitializeOnLoadMethodAttributes (26ms)
				AfterProcessingInitializeOnLoad (0ms)
				EditorAssembliesLoaded (0ms)
			ExecutionOrderSort2 (0ms)
			AwakeInstancesAfterBackupRestoration (0ms)
Platform modules already initialized, skipping
Registering precompiled user dll's ...
Registered in 0.004339 seconds.
Begin MonoManager ReloadAssembly
Native extension for WindowsStandalone target not found
Refreshing native plugins compatible for Editor in 42.09 ms, found 3 plugins.
Preloading 0 native plugins for Editor in 0.00 ms.
Mono: successfully reloaded assembly
- Completed reload, in  0.991 seconds
Domain Reload Profiling:
	ReloadAssembly (992ms)
		BeginReloadAssembly (137ms)
			ExecutionOrderSort (0ms)
			DisableScriptedObjects (4ms)
			BackupInstance (0ms)
			ReleaseScriptingObjects (0ms)
			CreateAndSetChildDomain (17ms)
		EndReloadAssembly (801ms)
			LoadAssemblies (90ms)
			RebuildTransferFunctionScriptingTraits (0ms)
			SetupTypeCache (271ms)
			ReleaseScriptCaches (0ms)
			RebuildScriptCaches (43ms)
			SetupLoadedEditorAssemblies (299ms)
				LogAssemblyErrors (0ms)
				InitializePlatformSupportModulesInManaged (3ms)
				SetLoadedEditorAssemblies (0ms)
				RefreshPlugins (42ms)
				BeforeProcessingInitializeOnLoad (61ms)
				ProcessInitializeOnLoadAttributes (171ms)
				ProcessInitializeOnLoadMethodAttributes (16ms)
				AfterProcessingInitializeOnLoad (5ms)
				EditorAssembliesLoaded (0ms)
			ExecutionOrderSort2 (0ms)
			AwakeInstancesAfterBackupRestoration (5ms)
Platform modules already initialized, skipping
========================================================================
Worker process is ready to serve import requests
Launched and connected shader compiler UnityShaderCompiler.exe after 0.04 seconds
Refreshing native plugins compatible for Editor in 0.79 ms, found 3 plugins.
Preloading 0 native plugins for Editor in 0.00 ms.
Unloading 2211 Unused Serialized files (Serialized files now loaded: 0)
System memory in use before: 99.5 MB.
System memory in use after: 99.4 MB.

Unloading 34 unused Assets to reduce memory usage. Loaded Objects now: 2645.
Total: 2.788600 ms (FindLiveObjects: 0.149500 ms CreateObjectMapping: 0.074800 ms MarkObjects: 2.437800 ms  DeleteObjects: 0.125500 ms)

AssetImportParameters requested are different than current active one (requested -> active):
  custom:framework-win-MediaFoundation: 216162199b28c13a410421893ffa2e32 -> 
  custom:video-decoder-ogg-theora: a1e56fd34408186e4bbccfd4996cb3dc -> 
  custom:container-muxer-webm: aa71ff27fc2769a1b78a27578f13a17b -> 
  custom:container-demuxer-webm: 4f35f7cbe854078d1ac9338744f61a02 -> 
  custom:container-demuxer-ogg: 62fdf1f143b41e24485cea50d1cbac27 -> 
  custom:video-encoder-webm-vp8: eb34c28f22e8b96e1ab97ce403110664 -> 
  custom:video-decoder-webm-vp8: 9c59270c3fd7afecdb556c50c9e8de78 -> 
  custom:audio-decoder-ogg-vorbis: bf7c407c2cedff20999df2af8eb42d56 -> 
  custom:audio-encoder-webm-vorbis: bf7c407c2cedff20999df2af8eb42d56 -> 
========================================================================
Received Import Request.
  path: Assets/Scenes/MainMenu.unity
  artifactKey: Guid(480836b71e05f4c4f854afcfcf9dbea8) Importer(815301076,1909f56bfc062723c751e8b465ee728b)
Start importing Assets/Scenes/MainMenu.unity using Guid(480836b71e05f4c4f854afcfcf9dbea8) Importer(815301076,1909f56bfc062723c751e8b465ee728b)  -> (artifact id: 'd83d031a220ed775da4df50113d826de') in 0.015446 seconds 
  Import took 0.018473 seconds .

========================================================================
Received Prepare
Registering precompiled user dll's ...
Registered in 0.005078 seconds.
Begin MonoManager ReloadAssembly
Native extension for WindowsStandalone target not found
Refreshing native plugins compatible for Editor in 0.43 ms, found 3 plugins.
Preloading 0 native plugins for Editor in 0.00 ms.
Mono: successfully reloaded assembly
- Completed reload, in  0.898 seconds
Domain Reload Profiling:
	ReloadAssembly (898ms)
		BeginReloadAssembly (105ms)
			ExecutionOrderSort (0ms)
			DisableScriptedObjects (6ms)
			BackupInstance (0ms)
			ReleaseScriptingObjects (0ms)
			CreateAndSetChildDomain (31ms)
		EndReloadAssembly (740ms)
			LoadAssemblies (90ms)
			RebuildTransferFunctionScriptingTraits (0ms)
			SetupTypeCache (276ms)
			ReleaseScriptCaches (1ms)
			RebuildScriptCaches (38ms)
			SetupLoadedEditorAssemblies (252ms)
				LogAssemblyErrors (0ms)
				InitializePlatformSupportModulesInManaged (5ms)
				SetLoadedEditorAssemblies (0ms)
				RefreshPlugins (0ms)
				BeforeProcessingInitializeOnLoad (56ms)
				ProcessInitializeOnLoadAttributes (175ms)
				ProcessInitializeOnLoadMethodAttributes (10ms)
				AfterProcessingInitializeOnLoad (6ms)
				EditorAssembliesLoaded (0ms)
			ExecutionOrderSort2 (0ms)
			AwakeInstancesAfterBackupRestoration (8ms)
Platform modules already initialized, skipping
Refreshing native plugins compatible for Editor in 0.58 ms, found 3 plugins.
Preloading 0 native plugins for Editor in 0.00 ms.
Unloading 2206 Unused Serialized files (Serialized files now loaded: 0)
System memory in use before: 99.5 MB.
System memory in use after: 99.4 MB.

Unloading 23 unused Assets to reduce memory usage. Loaded Objects now: 2647.
Total: 2.842700 ms (FindLiveObjects: 0.167400 ms CreateObjectMapping: 0.074400 ms MarkObjects: 2.495800 ms  DeleteObjects: 0.104400 ms)

AssetImportParameters requested are different than current active one (requested -> active):
  custom:framework-win-MediaFoundation: 216162199b28c13a410421893ffa2e32 -> 
  custom:video-decoder-ogg-theora: a1e56fd34408186e4bbccfd4996cb3dc -> 
  custom:container-muxer-webm: aa71ff27fc2769a1b78a27578f13a17b -> 
  custom:container-demuxer-webm: 4f35f7cbe854078d1ac9338744f61a02 -> 
  custom:container-demuxer-ogg: 62fdf1f143b41e24485cea50d1cbac27 -> 
  custom:video-encoder-webm-vp8: eb34c28f22e8b96e1ab97ce403110664 -> 
  custom:video-decoder-webm-vp8: 9c59270c3fd7afecdb556c50c9e8de78 -> 
  custom:audio-decoder-ogg-vorbis: bf7c407c2cedff20999df2af8eb42d56 -> 
  custom:audio-encoder-webm-vorbis: bf7c407c2cedff20999df2af8eb42d56 -> 
========================================================================
Received Import Request.
  Time since last request: 41.962220 seconds.
  path: Assets/Resources/prefabs/brick.prefab
  artifactKey: Guid(3446c807496b81c499f00412ee97203c) Importer(815301076,1909f56bfc062723c751e8b465ee728b)
Start importing Assets/Resources/prefabs/brick.prefab using Guid(3446c807496b81c499f00412ee97203c) Importer(815301076,1909f56bfc062723c751e8b465ee728b)  -> (artifact id: 'db1f634d2b14a591619ca785c9b17eab') in 0.097699 seconds 
  Import took 0.101245 seconds .

========================================================================
Received Import Request.
  Time since last request: 0.000296 seconds.
  path: Assets/Resources/prefabs/hitsound.prefab
  artifactKey: Guid(ac95876dd5994194382dae75b7568464) Importer(815301076,1909f56bfc062723c751e8b465ee728b)
Start importing Assets/Resources/prefabs/hitsound.prefab using Guid(ac95876dd5994194382dae75b7568464) Importer(815301076,1909f56bfc062723c751e8b465ee728b)  -> (artifact id: '5bf5ca07338e1193a5e192bf30ab53e5') in 0.007195 seconds 
  Import took 0.009936 seconds .

========================================================================
Received Import Request.
  Time since last request: 0.000302 seconds.
  path: Assets/Resources/prefabs/hugeexploeffect.prefab
  artifactKey: Guid(91aa53711468e0045be1b41ef5a790a6) Importer(815301076,1909f56bfc062723c751e8b465ee728b)
Start importing Assets/Resources/prefabs/hugeexploeffect.prefab using Guid(91aa53711468e0045be1b41ef5a790a6) Importer(815301076,1909f56bfc062723c751e8b465ee728b)  -> (artifact id: 'bac4751deccd8d0651a764318982a9ce') in 0.010648 seconds 
  Import took 0.013608 seconds .

========================================================================
Received Import Request.
  Time since last request: 0.000213 seconds.
  path: Assets/Resources/prefabs/stone.prefab
  artifactKey: Guid(cb3e1c74a73802243a848f6c5ca990f5) Importer(815301076,1909f56bfc062723c751e8b465ee728b)
Start importing Assets/Resources/prefabs/stone.prefab using Guid(cb3e1c74a73802243a848f6c5ca990f5) Importer(815301076,1909f56bfc062723c751e8b465ee728b)  -> (artifact id: '08a8e66c25c7d233323f9dc39ffb5bb2') in 0.010490 seconds 
  Import took 0.013380 seconds .

========================================================================
Received Import Request.
  Time since last request: 0.000288 seconds.
  path: Assets/Resources/prefabs/player.prefab
  artifactKey: Guid(a4ccd86ee70cd724fac5f27c9ab89e54) Importer(815301076,1909f56bfc062723c751e8b465ee728b)
Start importing Assets/Resources/prefabs/player.prefab using Guid(a4ccd86ee70cd724fac5f27c9ab89e54) Importer(815301076,1909f56bfc062723c751e8b465ee728b)  -> (artifact id: '96d51d5c72a2e76f45c62fbec076b19c') in 0.012611 seconds 
  Import took 0.015610 seconds .

========================================================================
Received Import Request.
  Time since last request: 0.000295 seconds.
  path: Assets/Resources/prefabs/enemy.prefab
  artifactKey: Guid(ee4478ced5772fd44a775b0303f61287) Importer(815301076,1909f56bfc062723c751e8b465ee728b)
Start importing Assets/Resources/prefabs/enemy.prefab using Guid(ee4478ced5772fd44a775b0303f61287) Importer(815301076,1909f56bfc062723c751e8b465ee728b)  -> (artifact id: 'dfafa378cf683398ef3db897ae964310') in 0.011759 seconds 
  Import took 0.015755 seconds .

========================================================================
Received Import Request.
  Time since last request: 0.000302 seconds.
  path: Assets/Resources/prefabs/leavescracksound2.prefab
  artifactKey: Guid(60651daf50cd7824fa5583c9c2a94e13) Importer(815301076,1909f56bfc062723c751e8b465ee728b)
Start importing Assets/Resources/prefabs/leavescracksound2.prefab using Guid(60651daf50cd7824fa5583c9c2a94e13) Importer(815301076,1909f56bfc062723c751e8b465ee728b)  -> (artifact id: '0d12f572dbe7f8a59eefcec03a8262f5') in 0.007099 seconds 
  Import took 0.009987 seconds .

========================================================================
Received Import Request.
  Time since last request: 0.000273 seconds.
  path: Assets/Resources/prefabs/leavescracksound.prefab
  artifactKey: Guid(f28dae7ce25fe1540b3f3ee780844b23) Importer(815301076,1909f56bfc062723c751e8b465ee728b)
Start importing Assets/Resources/prefabs/leavescracksound.prefab using Guid(f28dae7ce25fe1540b3f3ee780844b23) Importer(815301076,1909f56bfc062723c751e8b465ee728b)  -> (artifact id: 'd1faec392d7454b958603bad8c5d226c') in 0.006541 seconds 
  Import took 0.009511 seconds .

========================================================================
Received Import Request.
  Time since last request: 0.000243 seconds.
  path: Assets/Resources/prefabs/exploeffect.prefab
  artifactKey: Guid(cd3c6b1616445484a89361b38041654b) Importer(815301076,1909f56bfc062723c751e8b465ee728b)
Start importing Assets/Resources/prefabs/exploeffect.prefab using Guid(cd3c6b1616445484a89361b38041654b) Importer(815301076,1909f56bfc062723c751e8b465ee728b)  -> (artifact id: '6edea1ab3a9ecbf058b5415481599298') in 0.009899 seconds 
  Import took 0.013489 seconds .

========================================================================
Received Import Request.
  Time since last request: 0.000275 seconds.
  path: Assets/Resources/prefabs/leaves.prefab
  artifactKey: Guid(4aa0832f91a0f034a99b4fa40dcc02dd) Importer(815301076,1909f56bfc062723c751e8b465ee728b)
Start importing Assets/Resources/prefabs/leaves.prefab using Guid(4aa0832f91a0f034a99b4fa40dcc02dd) Importer(815301076,1909f56bfc062723c751e8b465ee728b)  -> (artifact id: '77560cc09ac78c78c4d306fc814777e6') in 0.010524 seconds 
  Import took 0.013349 seconds .

========================================================================
Received Import Request.
  Time since last request: 0.000289 seconds.
  path: Assets/Resources/prefabs/explosound.prefab
  artifactKey: Guid(1404fdb7624c93041903f2d08c407346) Importer(815301076,1909f56bfc062723c751e8b465ee728b)
Start importing Assets/Resources/prefabs/explosound.prefab using Guid(1404fdb7624c93041903f2d08c407346) Importer(815301076,1909f56bfc062723c751e8b465ee728b)  -> (artifact id: '565d5e19d62edcdc127863dba70e3a4b') in 0.007753 seconds 
  Import took 0.010841 seconds .

========================================================================
Received Import Request.
  Time since last request: 5.572342 seconds.
  path: Assets/Resources/prefabs/hugeexploeffect.prefab
  artifactKey: Guid(91aa53711468e0045be1b41ef5a790a6) Importer(815301076,1909f56bfc062723c751e8b465ee728b)
Start importing Assets/Resources/prefabs/hugeexploeffect.prefab using Guid(91aa53711468e0045be1b41ef5a790a6) Importer(815301076,1909f56bfc062723c751e8b465ee728b)  -> (artifact id: '7a2db429ac4ee0440edddce47f172ae3') in 0.007587 seconds 
  Import took 0.010726 seconds .

========================================================================
Received Import Request.
  Time since last request: 8.220828 seconds.
  path: Assets/Resources/prefabs/exploeffect.prefab
  artifactKey: Guid(cd3c6b1616445484a89361b38041654b) Importer(815301076,1909f56bfc062723c751e8b465ee728b)
Start importing Assets/Resources/prefabs/exploeffect.prefab using Guid(cd3c6b1616445484a89361b38041654b) Importer(815301076,1909f56bfc062723c751e8b465ee728b)  -> (artifact id: 'd0f02ff0f78664af0e6365e8508dae34') in 0.011680 seconds 
  Import took 0.014693 seconds .

========================================================================
Received Import Request.
  Time since last request: 4.170394 seconds.
  path: Assets/Resources/prefabs/brick.prefab
  artifactKey: Guid(3446c807496b81c499f00412ee97203c) Importer(815301076,1909f56bfc062723c751e8b465ee728b)
Start importing Assets/Resources/prefabs/brick.prefab using Guid(3446c807496b81c499f00412ee97203c) Importer(815301076,1909f56bfc062723c751e8b465ee728b)  -> (artifact id: 'dd646372005e8171ea263da6f3389dcc') in 0.007083 seconds 
  Import took 0.010220 seconds .

========================================================================
Received Import Request.
  Time since last request: 7.420849 seconds.
  path: Assets/Resources/prefabs/enemy.prefab
  artifactKey: Guid(ee4478ced5772fd44a775b0303f61287) Importer(815301076,1909f56bfc062723c751e8b465ee728b)
Start importing Assets/Resources/prefabs/enemy.prefab using Guid(ee4478ced5772fd44a775b0303f61287) Importer(815301076,1909f56bfc062723c751e8b465ee728b)  -> (artifact id: 'edc1c4daa255be5cc8eda9a226bd6c00') in 0.011380 seconds 
  Import took 0.014861 seconds .

========================================================================
Received Import Request.
  Time since last request: 8.485956 seconds.
  path: Assets/Resources/prefabs/enemy.prefab
  artifactKey: Guid(ee4478ced5772fd44a775b0303f61287) Importer(815301076,1909f56bfc062723c751e8b465ee728b)
Start importing Assets/Resources/prefabs/enemy.prefab using Guid(ee4478ced5772fd44a775b0303f61287) Importer(815301076,1909f56bfc062723c751e8b465ee728b)  -> (artifact id: '9bebc7cf88a0daa6df6c4fa07682d15c') in 0.009512 seconds 
  Import took 0.013218 seconds .

========================================================================
Received Import Request.
  Time since last request: 16.875323 seconds.
  path: Assets/Resources/prefabs/leaves.prefab
  artifactKey: Guid(4aa0832f91a0f034a99b4fa40dcc02dd) Importer(815301076,1909f56bfc062723c751e8b465ee728b)
Start importing Assets/Resources/prefabs/leaves.prefab using Guid(4aa0832f91a0f034a99b4fa40dcc02dd) Importer(815301076,1909f56bfc062723c751e8b465ee728b)  -> (artifact id: '0ae20ccbcd747d57e94908e55d30bf86') in 0.007469 seconds 
  Import took 0.010475 seconds .

========================================================================
Received Import Request.
  Time since last request: 15.881387 seconds.
  path: Assets/Resources/prefabs/hitsound.prefab
  artifactKey: Guid(ac95876dd5994194382dae75b7568464) Importer(815301076,1909f56bfc062723c751e8b465ee728b)
Start importing Assets/Resources/prefabs/hitsound.prefab using Guid(ac95876dd5994194382dae75b7568464) Importer(815301076,1909f56bfc062723c751e8b465ee728b)  -> (artifact id: 'c143d5219bdeb2ab0d916ef6d40ed141') in 0.003894 seconds 
  Import took 0.006978 seconds .

========================================================================
Received Import Request.
  Time since last request: 6.408843 seconds.
  path: Assets/Resources/prefabs/leavescracksound.prefab
  artifactKey: Guid(f28dae7ce25fe1540b3f3ee780844b23) Importer(815301076,1909f56bfc062723c751e8b465ee728b)
Start importing Assets/Resources/prefabs/leavescracksound.prefab using Guid(f28dae7ce25fe1540b3f3ee780844b23) Importer(815301076,1909f56bfc062723c751e8b465ee728b)  -> (artifact id: '9678004f7bf4833baa8d0dd00255c490') in 0.003563 seconds 
  Import took 0.007329 seconds .

========================================================================
Received Import Request.
  Time since last request: 4.522164 seconds.
  path: Assets/Resources/prefabs/leavescracksound2.prefab
  artifactKey: Guid(60651daf50cd7824fa5583c9c2a94e13) Importer(815301076,1909f56bfc062723c751e8b465ee728b)
Start importing Assets/Resources/prefabs/leavescracksound2.prefab using Guid(60651daf50cd7824fa5583c9c2a94e13) Importer(815301076,1909f56bfc062723c751e8b465ee728b)  -> (artifact id: '0d86bf272ad7fbfb2792e48a3973e845') in 0.003768 seconds 
  Import took 0.007092 seconds .

========================================================================
Received Import Request.
  Time since last request: 5.612886 seconds.
  path: Assets/Resources/prefabs/player.prefab
  artifactKey: Guid(a4ccd86ee70cd724fac5f27c9ab89e54) Importer(815301076,1909f56bfc062723c751e8b465ee728b)
Start importing Assets/Resources/prefabs/player.prefab using Guid(a4ccd86ee70cd724fac5f27c9ab89e54) Importer(815301076,1909f56bfc062723c751e8b465ee728b)  -> (artifact id: '9e09db29c3900f399e771fa71a5e8b33') in 0.008126 seconds 
  Import took 0.011413 seconds .

========================================================================
Received Import Request.
  Time since last request: 6.635370 seconds.
  path: Assets/Resources/prefabs/stone.prefab
  artifactKey: Guid(cb3e1c74a73802243a848f6c5ca990f5) Importer(815301076,1909f56bfc062723c751e8b465ee728b)
Start importing Assets/Resources/prefabs/stone.prefab using Guid(cb3e1c74a73802243a848f6c5ca990f5) Importer(815301076,1909f56bfc062723c751e8b465ee728b)  -> (artifact id: '0ca0c477e13d71c3b882c1e19763e106') in 0.007422 seconds 
  Import took 0.010684 seconds .

========================================================================
Received Import Request.
  Time since last request: 11.577017 seconds.
  path: Assets/script/settingsUIBeh.cs
  artifactKey: Guid(a2342a42589549741aaf99b7f7d1d076) Importer(815301076,1909f56bfc062723c751e8b465ee728b)
Start importing Assets/script/settingsUIBeh.cs using Guid(a2342a42589549741aaf99b7f7d1d076) Importer(815301076,1909f56bfc062723c751e8b465ee728b)  -> (artifact id: '80b3a02acc5e98520b672700921a7e33') in 0.007732 seconds 
  Import took 0.011081 seconds .

========================================================================
Received Prepare
Registering precompiled user dll's ...
Registered in 0.003851 seconds.
Begin MonoManager ReloadAssembly
Native extension for WindowsStandalone target not found
Refreshing native plugins compatible for Editor in 0.44 ms, found 3 plugins.
Preloading 0 native plugins for Editor in 0.00 ms.
Mono: successfully reloaded assembly
- Completed reload, in  0.894 seconds
Domain Reload Profiling:
	ReloadAssembly (894ms)
		BeginReloadAssembly (105ms)
			ExecutionOrderSort (0ms)
			DisableScriptedObjects (6ms)
			BackupInstance (0ms)
			ReleaseScriptingObjects (0ms)
			CreateAndSetChildDomain (33ms)
		EndReloadAssembly (734ms)
			LoadAssemblies (92ms)
			RebuildTransferFunctionScriptingTraits (0ms)
			SetupTypeCache (272ms)
			ReleaseScriptCaches (1ms)
			RebuildScriptCaches (39ms)
			SetupLoadedEditorAssemblies (249ms)
				LogAssemblyErrors (0ms)
				InitializePlatformSupportModulesInManaged (4ms)
				SetLoadedEditorAssemblies (0ms)
				RefreshPlugins (0ms)
				BeforeProcessingInitializeOnLoad (54ms)
				ProcessInitializeOnLoadAttributes (175ms)
				ProcessInitializeOnLoadMethodAttributes (10ms)
				AfterProcessingInitializeOnLoad (5ms)
				EditorAssembliesLoaded (0ms)
			ExecutionOrderSort2 (0ms)
			AwakeInstancesAfterBackupRestoration (8ms)
Platform modules already initialized, skipping
Refreshing native plugins compatible for Editor in 0.47 ms, found 3 plugins.
Preloading 0 native plugins for Editor in 0.00 ms.
Unloading 2206 Unused Serialized files (Serialized files now loaded: 0)
System memory in use before: 102.7 MB.
System memory in use after: 102.6 MB.

Unloading 23 unused Assets to reduce memory usage. Loaded Objects now: 2656.
Total: 2.622400 ms (FindLiveObjects: 0.153700 ms CreateObjectMapping: 0.080400 ms MarkObjects: 2.291800 ms  DeleteObjects: 0.095800 ms)

AssetImportParameters requested are different than current active one (requested -> active):
  custom:framework-win-MediaFoundation: 216162199b28c13a410421893ffa2e32 -> 
  custom:video-decoder-ogg-theora: a1e56fd34408186e4bbccfd4996cb3dc -> 
  custom:container-muxer-webm: aa71ff27fc2769a1b78a27578f13a17b -> 
  custom:container-demuxer-webm: 4f35f7cbe854078d1ac9338744f61a02 -> 
  custom:container-demuxer-ogg: 62fdf1f143b41e24485cea50d1cbac27 -> 
  custom:video-encoder-webm-vp8: eb34c28f22e8b96e1ab97ce403110664 -> 
  custom:video-decoder-webm-vp8: 9c59270c3fd7afecdb556c50c9e8de78 -> 
  custom:audio-decoder-ogg-vorbis: bf7c407c2cedff20999df2af8eb42d56 -> 
  custom:audio-encoder-webm-vorbis: bf7c407c2cedff20999df2af8eb42d56 -> 
========================================================================
Received Import Request.
  Time since last request: 16.282034 seconds.
  path: Assets/script/settingsUIBeh.cs
  artifactKey: Guid(a2342a42589549741aaf99b7f7d1d076) Importer(815301076,1909f56bfc062723c751e8b465ee728b)
Start importing Assets/script/settingsUIBeh.cs using Guid(a2342a42589549741aaf99b7f7d1d076) Importer(815301076,1909f56bfc062723c751e8b465ee728b)  -> (artifact id: '3e9e13c74659b98bf705a6d97cb4c0f9') in 0.003946 seconds 
  Import took 0.006902 seconds .

========================================================================
Received Prepare
Registering precompiled user dll's ...
Registered in 0.003900 seconds.
Begin MonoManager ReloadAssembly
Native extension for WindowsStandalone target not found
Refreshing native plugins compatible for Editor in 0.45 ms, found 3 plugins.
Preloading 0 native plugins for Editor in 0.00 ms.
Mono: successfully reloaded assembly
- Completed reload, in  0.896 seconds
Domain Reload Profiling:
	ReloadAssembly (896ms)
		BeginReloadAssembly (115ms)
			ExecutionOrderSort (0ms)
			DisableScriptedObjects (6ms)
			BackupInstance (0ms)
			ReleaseScriptingObjects (0ms)
			CreateAndSetChildDomain (34ms)
		EndReloadAssembly (724ms)
			LoadAssemblies (90ms)
			RebuildTransferFunctionScriptingTraits (0ms)
			SetupTypeCache (258ms)
			ReleaseScriptCaches (1ms)
			RebuildScriptCaches (38ms)
			SetupLoadedEditorAssemblies (253ms)
				LogAssemblyErrors (0ms)
				InitializePlatformSupportModulesInManaged (4ms)
				SetLoadedEditorAssemblies (0ms)
				RefreshPlugins (0ms)
				BeforeProcessingInitializeOnLoad (53ms)
				ProcessInitializeOnLoadAttributes (178ms)
				ProcessInitializeOnLoadMethodAttributes (11ms)
				AfterProcessingInitializeOnLoad (6ms)
				EditorAssembliesLoaded (0ms)
			ExecutionOrderSort2 (0ms)
			AwakeInstancesAfterBackupRestoration (8ms)
Platform modules already initialized, skipping
Refreshing native plugins compatible for Editor in 0.45 ms, found 3 plugins.
Preloading 0 native plugins for Editor in 0.00 ms.
Unloading 2206 Unused Serialized files (Serialized files now loaded: 0)
System memory in use before: 102.7 MB.
System memory in use after: 102.7 MB.

Unloading 23 unused Assets to reduce memory usage. Loaded Objects now: 2658.
Total: 2.731300 ms (FindLiveObjects: 0.155300 ms CreateObjectMapping: 0.066800 ms MarkObjects: 2.408300 ms  DeleteObjects: 0.100100 ms)

AssetImportParameters requested are different than current active one (requested -> active):
  custom:framework-win-MediaFoundation: 216162199b28c13a410421893ffa2e32 -> 
  custom:video-decoder-ogg-theora: a1e56fd34408186e4bbccfd4996cb3dc -> 
  custom:container-muxer-webm: aa71ff27fc2769a1b78a27578f13a17b -> 
  custom:container-demuxer-webm: 4f35f7cbe854078d1ac9338744f61a02 -> 
  custom:container-demuxer-ogg: 62fdf1f143b41e24485cea50d1cbac27 -> 
  custom:video-encoder-webm-vp8: eb34c28f22e8b96e1ab97ce403110664 -> 
  custom:video-decoder-webm-vp8: 9c59270c3fd7afecdb556c50c9e8de78 -> 
  custom:audio-decoder-ogg-vorbis: bf7c407c2cedff20999df2af8eb42d56 -> 
  custom:audio-encoder-webm-vorbis: bf7c407c2cedff20999df2af8eb42d56 -> 
========================================================================
Received Import Request.
  Time since last request: 71.122670 seconds.
  path: Assets/Resources/prefabs/explosound.prefab
  artifactKey: Guid(1404fdb7624c93041903f2d08c407346) Importer(815301076,1909f56bfc062723c751e8b465ee728b)
Start importing Assets/Resources/prefabs/explosound.prefab using Guid(1404fdb7624c93041903f2d08c407346) Importer(815301076,1909f56bfc062723c751e8b465ee728b)  -> (artifact id: 'd969062dd5f0e02a3ff72b2bb93a9522') in 0.021947 seconds 
  Import took 0.024819 seconds .

========================================================================
Received Prepare
Registering precompiled user dll's ...
Registered in 0.004008 seconds.
Begin MonoManager ReloadAssembly
Native extension for WindowsStandalone target not found
Refreshing native plugins compatible for Editor in 0.46 ms, found 3 plugins.
Preloading 0 native plugins for Editor in 0.00 ms.
Mono: successfully reloaded assembly
- Completed reload, in  0.868 seconds
Domain Reload Profiling:
	ReloadAssembly (868ms)
		BeginReloadAssembly (101ms)
			ExecutionOrderSort (0ms)
			DisableScriptedObjects (5ms)
			BackupInstance (0ms)
			ReleaseScriptingObjects (0ms)
			CreateAndSetChildDomain (31ms)
		EndReloadAssembly (715ms)
			LoadAssemblies (88ms)
			RebuildTransferFunctionScriptingTraits (0ms)
			SetupTypeCache (256ms)
			ReleaseScriptCaches (1ms)
			RebuildScriptCaches (39ms)
			SetupLoadedEditorAssemblies (249ms)
				LogAssemblyErrors (0ms)
				InitializePlatformSupportModulesInManaged (4ms)
				SetLoadedEditorAssemblies (1ms)
				RefreshPlugins (1ms)
				BeforeProcessingInitializeOnLoad (53ms)
				ProcessInitializeOnLoadAttributes (175ms)
				ProcessInitializeOnLoadMethodAttributes (10ms)
				AfterProcessingInitializeOnLoad (5ms)
				EditorAssembliesLoaded (0ms)
			ExecutionOrderSort2 (0ms)
			AwakeInstancesAfterBackupRestoration (8ms)
Platform modules already initialized, skipping
Refreshing native plugins compatible for Editor in 0.64 ms, found 3 plugins.
Preloading 0 native plugins for Editor in 0.00 ms.
Unloading 2206 Unused Serialized files (Serialized files now loaded: 0)
System memory in use before: 102.7 MB.
System memory in use after: 102.7 MB.

Unloading 23 unused Assets to reduce memory usage. Loaded Objects now: 2660.
Total: 3.022600 ms (FindLiveObjects: 0.164700 ms CreateObjectMapping: 0.081500 ms MarkObjects: 2.671000 ms  DeleteObjects: 0.104800 ms)

AssetImportParameters requested are different than current active one (requested -> active):
  custom:framework-win-MediaFoundation: 216162199b28c13a410421893ffa2e32 -> 
  custom:video-decoder-ogg-theora: a1e56fd34408186e4bbccfd4996cb3dc -> 
  custom:container-muxer-webm: aa71ff27fc2769a1b78a27578f13a17b -> 
  custom:container-demuxer-webm: 4f35f7cbe854078d1ac9338744f61a02 -> 
  custom:container-demuxer-ogg: 62fdf1f143b41e24485cea50d1cbac27 -> 
  custom:video-encoder-webm-vp8: eb34c28f22e8b96e1ab97ce403110664 -> 
  custom:video-decoder-webm-vp8: 9c59270c3fd7afecdb556c50c9e8de78 -> 
  custom:audio-decoder-ogg-vorbis: bf7c407c2cedff20999df2af8eb42d56 -> 
  custom:audio-encoder-webm-vorbis: bf7c407c2cedff20999df2af8eb42d56 -> 
========================================================================
Received Import Request.
  Time since last request: 44.249120 seconds.
  path: Assets/Scenes/MainMenu.unity
  artifactKey: Guid(480836b71e05f4c4f854afcfcf9dbea8) Importer(815301076,1909f56bfc062723c751e8b465ee728b)
Start importing Assets/Scenes/MainMenu.unity using Guid(480836b71e05f4c4f854afcfcf9dbea8) Importer(815301076,1909f56bfc062723c751e8b465ee728b)  -> (artifact id: 'd3de8dd5c7115bbad73e398a6b6f3a64') in 0.010901 seconds 
  Import took 0.013903 seconds .

========================================================================
Received Import Request.
  Time since last request: 0.587132 seconds.
  path: Assets/Scenes/DefaultMatchScene.unity
  artifactKey: Guid(2cda990e2423bbf4892e6590ba056729) Importer(815301076,1909f56bfc062723c751e8b465ee728b)
Start importing Assets/Scenes/DefaultMatchScene.unity using Guid(2cda990e2423bbf4892e6590ba056729) Importer(815301076,1909f56bfc062723c751e8b465ee728b)  -> (artifact id: '99a8bbd23a173eb83ae187aa40d84e4f') in 0.005652 seconds 
  Import took 0.009174 seconds .

========================================================================
Received Prepare
Registering precompiled user dll's ...
Registered in 0.004466 seconds.
Begin MonoManager ReloadAssembly
Native extension for WindowsStandalone target not found
Refreshing native plugins compatible for Editor in 0.46 ms, found 3 plugins.
Preloading 0 native plugins for Editor in 0.00 ms.
Mono: successfully reloaded assembly
- Completed reload, in  0.889 seconds
Domain Reload Profiling:
	ReloadAssembly (889ms)
		BeginReloadAssembly (111ms)
			ExecutionOrderSort (0ms)
			DisableScriptedObjects (5ms)
			BackupInstance (0ms)
			ReleaseScriptingObjects (0ms)
			CreateAndSetChildDomain (33ms)
		EndReloadAssembly (725ms)
			LoadAssemblies (90ms)
			RebuildTransferFunctionScriptingTraits (0ms)
			SetupTypeCache (256ms)
			ReleaseScriptCaches (1ms)
			RebuildScriptCaches (37ms)
			SetupLoadedEditorAssemblies (255ms)
				LogAssemblyErrors (0ms)
				InitializePlatformSupportModulesInManaged (4ms)
				SetLoadedEditorAssemblies (1ms)
				RefreshPlugins (1ms)
				BeforeProcessingInitializeOnLoad (54ms)
				ProcessInitializeOnLoadAttributes (180ms)
				ProcessInitializeOnLoadMethodAttributes (11ms)
				AfterProcessingInitializeOnLoad (5ms)
				EditorAssembliesLoaded (0ms)
			ExecutionOrderSort2 (0ms)
			AwakeInstancesAfterBackupRestoration (8ms)
Platform modules already initialized, skipping
Refreshing native plugins compatible for Editor in 0.45 ms, found 3 plugins.
Preloading 0 native plugins for Editor in 0.00 ms.
Unloading 2206 Unused Serialized files (Serialized files now loaded: 0)
System memory in use before: 102.7 MB.
System memory in use after: 102.7 MB.

Unloading 23 unused Assets to reduce memory usage. Loaded Objects now: 2662.
Total: 2.573200 ms (FindLiveObjects: 0.136300 ms CreateObjectMapping: 0.079100 ms MarkObjects: 2.255200 ms  DeleteObjects: 0.102000 ms)

AssetImportParameters requested are different than current active one (requested -> active):
  custom:framework-win-MediaFoundation: 216162199b28c13a410421893ffa2e32 -> 
  custom:video-decoder-ogg-theora: a1e56fd34408186e4bbccfd4996cb3dc -> 
  custom:container-muxer-webm: aa71ff27fc2769a1b78a27578f13a17b -> 
  custom:container-demuxer-webm: 4f35f7cbe854078d1ac9338744f61a02 -> 
  custom:container-demuxer-ogg: 62fdf1f143b41e24485cea50d1cbac27 -> 
  custom:video-encoder-webm-vp8: eb34c28f22e8b96e1ab97ce403110664 -> 
  custom:video-decoder-webm-vp8: 9c59270c3fd7afecdb556c50c9e8de78 -> 
  custom:audio-decoder-ogg-vorbis: bf7c407c2cedff20999df2af8eb42d56 -> 
  custom:audio-encoder-webm-vorbis: bf7c407c2cedff20999df2af8eb42d56 -> 
========================================================================
Received Import Request.
  Time since last request: 15.807721 seconds.
  path: Assets/Scenes/DefaultMatchScene.unity
  artifactKey: Guid(2cda990e2423bbf4892e6590ba056729) Importer(815301076,1909f56bfc062723c751e8b465ee728b)
Start importing Assets/Scenes/DefaultMatchScene.unity using Guid(2cda990e2423bbf4892e6590ba056729) Importer(815301076,1909f56bfc062723c751e8b465ee728b)  -> (artifact id: '6de7739a16e2922db1b5495acba29829') in 0.012344 seconds 
  Import took 0.015674 seconds .

========================================================================
Received Prepare
Registering precompiled user dll's ...
Registered in 0.004043 seconds.
Begin MonoManager ReloadAssembly
Native extension for WindowsStandalone target not found
Refreshing native plugins compatible for Editor in 0.46 ms, found 3 plugins.
Preloading 0 native plugins for Editor in 0.00 ms.
Mono: successfully reloaded assembly
- Completed reload, in  0.903 seconds
Domain Reload Profiling:
	ReloadAssembly (903ms)
		BeginReloadAssembly (100ms)
			ExecutionOrderSort (0ms)
			DisableScriptedObjects (6ms)
			BackupInstance (0ms)
			ReleaseScriptingObjects (0ms)
			CreateAndSetChildDomain (30ms)
		EndReloadAssembly (748ms)
			LoadAssemblies (89ms)
			RebuildTransferFunctionScriptingTraits (0ms)
			SetupTypeCache (278ms)
			ReleaseScriptCaches (1ms)
			RebuildScriptCaches (43ms)
			SetupLoadedEditorAssemblies (254ms)
				LogAssemblyErrors (0ms)
				InitializePlatformSupportModulesInManaged (4ms)
				SetLoadedEditorAssemblies (1ms)
				RefreshPlugins (1ms)
				BeforeProcessingInitializeOnLoad (59ms)
				ProcessInitializeOnLoadAttributes (174ms)
				ProcessInitializeOnLoadMethodAttributes (10ms)
				AfterProcessingInitializeOnLoad (5ms)
				EditorAssembliesLoaded (0ms)
			ExecutionOrderSort2 (0ms)
			AwakeInstancesAfterBackupRestoration (8ms)
Platform modules already initialized, skipping
Refreshing native plugins compatible for Editor in 0.47 ms, found 3 plugins.
Preloading 0 native plugins for Editor in 0.00 ms.
Unloading 2206 Unused Serialized files (Serialized files now loaded: 0)
System memory in use before: 102.7 MB.
System memory in use after: 102.7 MB.

Unloading 23 unused Assets to reduce memory usage. Loaded Objects now: 2664.
Total: 2.809600 ms (FindLiveObjects: 0.167300 ms CreateObjectMapping: 0.080400 ms MarkObjects: 2.443300 ms  DeleteObjects: 0.117600 ms)

AssetImportParameters requested are different than current active one (requested -> active):
  custom:framework-win-MediaFoundation: 216162199b28c13a410421893ffa2e32 -> 
  custom:video-decoder-ogg-theora: a1e56fd34408186e4bbccfd4996cb3dc -> 
  custom:container-muxer-webm: aa71ff27fc2769a1b78a27578f13a17b -> 
  custom:container-demuxer-webm: 4f35f7cbe854078d1ac9338744f61a02 -> 
  custom:container-demuxer-ogg: 62fdf1f143b41e24485cea50d1cbac27 -> 
  custom:video-encoder-webm-vp8: eb34c28f22e8b96e1ab97ce403110664 -> 
  custom:video-decoder-webm-vp8: 9c59270c3fd7afecdb556c50c9e8de78 -> 
  custom:audio-decoder-ogg-vorbis: bf7c407c2cedff20999df2af8eb42d56 -> 
  custom:audio-encoder-webm-vorbis: bf7c407c2cedff20999df2af8eb42d56 -> 
========================================================================
Received Prepare
Registering precompiled user dll's ...
Registered in 0.003971 seconds.
Begin MonoManager ReloadAssembly
Native extension for WindowsStandalone target not found
Refreshing native plugins compatible for Editor in 0.45 ms, found 3 plugins.
Preloading 0 native plugins for Editor in 0.00 ms.
Mono: successfully reloaded assembly
- Completed reload, in  0.872 seconds
Domain Reload Profiling:
	ReloadAssembly (872ms)
		BeginReloadAssembly (104ms)
			ExecutionOrderSort (0ms)
			DisableScriptedObjects (5ms)
			BackupInstance (0ms)
			ReleaseScriptingObjects (0ms)
			CreateAndSetChildDomain (28ms)
		EndReloadAssembly (710ms)
			LoadAssemblies (95ms)
			RebuildTransferFunctionScriptingTraits (0ms)
			SetupTypeCache (250ms)
			ReleaseScriptCaches (1ms)
			RebuildScriptCaches (39ms)
			SetupLoadedEditorAssemblies (249ms)
				LogAssemblyErrors (0ms)
				InitializePlatformSupportModulesInManaged (4ms)
				SetLoadedEditorAssemblies (0ms)
				RefreshPlugins (0ms)
				BeforeProcessingInitializeOnLoad (51ms)
				ProcessInitializeOnLoadAttributes (177ms)
				ProcessInitializeOnLoadMethodAttributes (10ms)
				AfterProcessingInitializeOnLoad (6ms)
				EditorAssembliesLoaded (0ms)
			ExecutionOrderSort2 (0ms)
			AwakeInstancesAfterBackupRestoration (8ms)
Platform modules already initialized, skipping
Refreshing native plugins compatible for Editor in 0.48 ms, found 3 plugins.
Preloading 0 native plugins for Editor in 0.00 ms.
Unloading 2206 Unused Serialized files (Serialized files now loaded: 0)
System memory in use before: 102.7 MB.
System memory in use after: 102.7 MB.

Unloading 23 unused Assets to reduce memory usage. Loaded Objects now: 2666.
Total: 2.600100 ms (FindLiveObjects: 0.146600 ms CreateObjectMapping: 0.069800 ms MarkObjects: 2.272500 ms  DeleteObjects: 0.110600 ms)

AssetImportParameters requested are different than current active one (requested -> active):
  custom:framework-win-MediaFoundation: 216162199b28c13a410421893ffa2e32 -> 
  custom:video-decoder-ogg-theora: a1e56fd34408186e4bbccfd4996cb3dc -> 
  custom:container-muxer-webm: aa71ff27fc2769a1b78a27578f13a17b -> 
  custom:container-demuxer-webm: 4f35f7cbe854078d1ac9338744f61a02 -> 
  custom:container-demuxer-ogg: 62fdf1f143b41e24485cea50d1cbac27 -> 
  custom:video-encoder-webm-vp8: eb34c28f22e8b96e1ab97ce403110664 -> 
  custom:video-decoder-webm-vp8: 9c59270c3fd7afecdb556c50c9e8de78 -> 
  custom:audio-decoder-ogg-vorbis: bf7c407c2cedff20999df2af8eb42d56 -> 
  custom:audio-encoder-webm-vorbis: bf7c407c2cedff20999df2af8eb42d56 -> 
========================================================================
Received Import Request.
  Time since last request: 59.997833 seconds.
  path: Assets/Resources/prefabs/hugeexploeffect.prefab
  artifactKey: Guid(91aa53711468e0045be1b41ef5a790a6) Importer(815301076,1909f56bfc062723c751e8b465ee728b)
Start importing Assets/Resources/prefabs/hugeexploeffect.prefab using Guid(91aa53711468e0045be1b41ef5a790a6) Importer(815301076,1909f56bfc062723c751e8b465ee728b)  -> (artifact id: '76b78e5f90d862a7adb7c2e9d96248ef') in 0.052505 seconds 
  Import took 0.055749 seconds .

========================================================================
Received Prepare
Registering precompiled user dll's ...
Registered in 0.004303 seconds.
Begin MonoManager ReloadAssembly
Native extension for WindowsStandalone target not found
Refreshing native plugins compatible for Editor in 0.45 ms, found 3 plugins.
Preloading 0 native plugins for Editor in 0.00 ms.
Mono: successfully reloaded assembly
- Completed reload, in  0.852 seconds
Domain Reload Profiling:
	ReloadAssembly (853ms)
		BeginReloadAssembly (101ms)
			ExecutionOrderSort (0ms)
			DisableScriptedObjects (5ms)
			BackupInstance (0ms)
			ReleaseScriptingObjects (0ms)
			CreateAndSetChildDomain (31ms)
		EndReloadAssembly (701ms)
			LoadAssemblies (88ms)
			RebuildTransferFunctionScriptingTraits (0ms)
			SetupTypeCache (247ms)
			ReleaseScriptCaches (1ms)
			RebuildScriptCaches (38ms)
			SetupLoadedEditorAssemblies (248ms)
				LogAssemblyErrors (0ms)
				InitializePlatformSupportModulesInManaged (4ms)
				SetLoadedEditorAssemblies (0ms)
				RefreshPlugins (0ms)
				BeforeProcessingInitializeOnLoad (52ms)
				ProcessInitializeOnLoadAttributes (175ms)
				ProcessInitializeOnLoadMethodAttributes (10ms)
				AfterProcessingInitializeOnLoad (5ms)
				EditorAssembliesLoaded (0ms)
			ExecutionOrderSort2 (0ms)
			AwakeInstancesAfterBackupRestoration (8ms)
Platform modules already initialized, skipping
Refreshing native plugins compatible for Editor in 0.49 ms, found 3 plugins.
Preloading 0 native plugins for Editor in 0.00 ms.
Unloading 2206 Unused Serialized files (Serialized files now loaded: 0)
System memory in use before: 102.8 MB.
System memory in use after: 102.7 MB.

Unloading 23 unused Assets to reduce memory usage. Loaded Objects now: 2669.
Total: 2.804300 ms (FindLiveObjects: 0.164600 ms CreateObjectMapping: 0.069200 ms MarkObjects: 2.464800 ms  DeleteObjects: 0.104800 ms)

AssetImportParameters requested are different than current active one (requested -> active):
  custom:framework-win-MediaFoundation: 216162199b28c13a410421893ffa2e32 -> 
  custom:video-decoder-ogg-theora: a1e56fd34408186e4bbccfd4996cb3dc -> 
  custom:container-muxer-webm: aa71ff27fc2769a1b78a27578f13a17b -> 
  custom:container-demuxer-webm: 4f35f7cbe854078d1ac9338744f61a02 -> 
  custom:container-demuxer-ogg: 62fdf1f143b41e24485cea50d1cbac27 -> 
  custom:video-encoder-webm-vp8: eb34c28f22e8b96e1ab97ce403110664 -> 
  custom:video-decoder-webm-vp8: 9c59270c3fd7afecdb556c50c9e8de78 -> 
  custom:audio-decoder-ogg-vorbis: bf7c407c2cedff20999df2af8eb42d56 -> 
  custom:audio-encoder-webm-vorbis: bf7c407c2cedff20999df2af8eb42d56 -> 
========================================================================
Received Import Request.
  Time since last request: 29.422801 seconds.
  path: Assets/Resources/prefabs/exploeffect.prefab
  artifactKey: Guid(cd3c6b1616445484a89361b38041654b) Importer(815301076,1909f56bfc062723c751e8b465ee728b)
Start importing Assets/Resources/prefabs/exploeffect.prefab using Guid(cd3c6b1616445484a89361b38041654b) Importer(815301076,1909f56bfc062723c751e8b465ee728b)  -> (artifact id: 'b9f08b1600c773fd9e8deb565502bf05') in 0.047013 seconds 
  Import took 0.049947 seconds .

========================================================================
Received Import Request.
  Time since last request: 1.806559 seconds.
  path: Assets/Resources/prefabs/exploeffect.prefab
  artifactKey: Guid(cd3c6b1616445484a89361b38041654b) Importer(815301076,1909f56bfc062723c751e8b465ee728b)
Start importing Assets/Resources/prefabs/exploeffect.prefab using Guid(cd3c6b1616445484a89361b38041654b) Importer(815301076,1909f56bfc062723c751e8b465ee728b)  -> (artifact id: '5e9ddc84a2f27bbf7db033e5385b9ded') in 0.010567 seconds 
  Import took 0.013673 seconds .

========================================================================
Received Import Request.
  Time since last request: 3.174320 seconds.
  path: Assets/Resources/prefabs/exploeffect.prefab
  artifactKey: Guid(cd3c6b1616445484a89361b38041654b) Importer(815301076,1909f56bfc062723c751e8b465ee728b)
Start importing Assets/Resources/prefabs/exploeffect.prefab using Guid(cd3c6b1616445484a89361b38041654b) Importer(815301076,1909f56bfc062723c751e8b465ee728b)  -> (artifact id: '1efd7f687e1900080ffbdfe87fcb7082') in 0.010995 seconds 
  Import took 0.014071 seconds .

========================================================================
Received Prepare
Registering precompiled user dll's ...
Registered in 0.004635 seconds.
Begin MonoManager ReloadAssembly
Native extension for WindowsStandalone target not found
Refreshing native plugins compatible for Editor in 0.44 ms, found 3 plugins.
Preloading 0 native plugins for Editor in 0.00 ms.
Mono: successfully reloaded assembly
- Completed reload, in  0.871 seconds
Domain Reload Profiling:
	ReloadAssembly (871ms)
		BeginReloadAssembly (102ms)
			ExecutionOrderSort (0ms)
			DisableScriptedObjects (6ms)
			BackupInstance (0ms)
			ReleaseScriptingObjects (0ms)
			CreateAndSetChildDomain (28ms)
		EndReloadAssembly (714ms)
			LoadAssemblies (92ms)
			RebuildTransferFunctionScriptingTraits (0ms)
			SetupTypeCache (256ms)
			ReleaseScriptCaches (1ms)
			RebuildScriptCaches (38ms)
			SetupLoadedEditorAssemblies (248ms)
				LogAssemblyErrors (0ms)
				InitializePlatformSupportModulesInManaged (4ms)
				SetLoadedEditorAssemblies (0ms)
				RefreshPlugins (0ms)
				BeforeProcessingInitializeOnLoad (53ms)
				ProcessInitializeOnLoadAttributes (174ms)
				ProcessInitializeOnLoadMethodAttributes (10ms)
				AfterProcessingInitializeOnLoad (6ms)
				EditorAssembliesLoaded (0ms)
			ExecutionOrderSort2 (0ms)
			AwakeInstancesAfterBackupRestoration (8ms)
Platform modules already initialized, skipping
Refreshing native plugins compatible for Editor in 0.49 ms, found 3 plugins.
Preloading 0 native plugins for Editor in 0.00 ms.
Unloading 2206 Unused Serialized files (Serialized files now loaded: 0)
System memory in use before: 102.8 MB.
System memory in use after: 102.7 MB.

Unloading 23 unused Assets to reduce memory usage. Loaded Objects now: 2672.
Total: 2.824600 ms (FindLiveObjects: 0.166000 ms CreateObjectMapping: 0.071400 ms MarkObjects: 2.479800 ms  DeleteObjects: 0.106700 ms)

AssetImportParameters requested are different than current active one (requested -> active):
  custom:framework-win-MediaFoundation: 216162199b28c13a410421893ffa2e32 -> 
  custom:video-decoder-ogg-theora: a1e56fd34408186e4bbccfd4996cb3dc -> 
  custom:container-muxer-webm: aa71ff27fc2769a1b78a27578f13a17b -> 
  custom:container-demuxer-webm: 4f35f7cbe854078d1ac9338744f61a02 -> 
  custom:container-demuxer-ogg: 62fdf1f143b41e24485cea50d1cbac27 -> 
  custom:video-encoder-webm-vp8: eb34c28f22e8b96e1ab97ce403110664 -> 
  custom:video-decoder-webm-vp8: 9c59270c3fd7afecdb556c50c9e8de78 -> 
  custom:audio-decoder-ogg-vorbis: bf7c407c2cedff20999df2af8eb42d56 -> 
  custom:audio-encoder-webm-vorbis: bf7c407c2cedff20999df2af8eb42d56 -> 
========================================================================
Received Prepare
Registering precompiled user dll's ...
Registered in 0.004048 seconds.
Begin MonoManager ReloadAssembly
Native extension for WindowsStandalone target not found
Refreshing native plugins compatible for Editor in 0.45 ms, found 3 plugins.
Preloading 0 native plugins for Editor in 0.00 ms.
Mono: successfully reloaded assembly
- Completed reload, in  0.884 seconds
Domain Reload Profiling:
	ReloadAssembly (885ms)
		BeginReloadAssembly (104ms)
			ExecutionOrderSort (0ms)
			DisableScriptedObjects (8ms)
			BackupInstance (0ms)
			ReleaseScriptingObjects (0ms)
			CreateAndSetChildDomain (28ms)
		EndReloadAssembly (723ms)
			LoadAssemblies (90ms)
			RebuildTransferFunctionScriptingTraits (0ms)
			SetupTypeCache (261ms)
			ReleaseScriptCaches (1ms)
			RebuildScriptCaches (39ms)
			SetupLoadedEditorAssemblies (247ms)
				LogAssemblyErrors (0ms)
				InitializePlatformSupportModulesInManaged (4ms)
				SetLoadedEditorAssemblies (0ms)
				RefreshPlugins (1ms)
				BeforeProcessingInitializeOnLoad (52ms)
				ProcessInitializeOnLoadAttributes (174ms)
				ProcessInitializeOnLoadMethodAttributes (10ms)
				AfterProcessingInitializeOnLoad (6ms)
				EditorAssembliesLoaded (0ms)
			ExecutionOrderSort2 (0ms)
			AwakeInstancesAfterBackupRestoration (8ms)
Platform modules already initialized, skipping
Refreshing native plugins compatible for Editor in 0.49 ms, found 3 plugins.
Preloading 0 native plugins for Editor in 0.00 ms.
Unloading 2206 Unused Serialized files (Serialized files now loaded: 0)
System memory in use before: 102.8 MB.
System memory in use after: 102.7 MB.

Unloading 23 unused Assets to reduce memory usage. Loaded Objects now: 2674.
Total: 2.859500 ms (FindLiveObjects: 0.159600 ms CreateObjectMapping: 0.084400 ms MarkObjects: 2.504000 ms  DeleteObjects: 0.110800 ms)

AssetImportParameters requested are different than current active one (requested -> active):
  custom:framework-win-MediaFoundation: 216162199b28c13a410421893ffa2e32 -> 
  custom:video-decoder-ogg-theora: a1e56fd34408186e4bbccfd4996cb3dc -> 
  custom:container-muxer-webm: aa71ff27fc2769a1b78a27578f13a17b -> 
  custom:container-demuxer-webm: 4f35f7cbe854078d1ac9338744f61a02 -> 
  custom:container-demuxer-ogg: 62fdf1f143b41e24485cea50d1cbac27 -> 
  custom:video-encoder-webm-vp8: eb34c28f22e8b96e1ab97ce403110664 -> 
  custom:video-decoder-webm-vp8: 9c59270c3fd7afecdb556c50c9e8de78 -> 
  custom:audio-decoder-ogg-vorbis: bf7c407c2cedff20999df2af8eb42d56 -> 
  custom:audio-encoder-webm-vorbis: bf7c407c2cedff20999df2af8eb42d56 -> 
========================================================================
Received Prepare
Refreshing native plugins compatible for Editor in 4.08 ms, found 3 plugins.
Preloading 0 native plugins for Editor in 0.00 ms.
Unloading 21 Unused Serialized files (Serialized files now loaded: 0)
System memory in use before: 59.6 MB.
System memory in use after: 59.6 MB.

Unloading 21 unused Assets to reduce memory usage. Loaded Objects now: 2674.
Total: 3.129900 ms (FindLiveObjects: 0.197600 ms CreateObjectMapping: 0.091500 ms MarkObjects: 2.718800 ms  DeleteObjects: 0.121100 ms)

AssetImportParameters requested are different than current active one (requested -> active):
  custom:framework-win-MediaFoundation: 216162199b28c13a410421893ffa2e32 -> 
  custom:video-decoder-ogg-theora: a1e56fd34408186e4bbccfd4996cb3dc -> 
  custom:container-muxer-webm: aa71ff27fc2769a1b78a27578f13a17b -> 
  custom:container-demuxer-webm: 4f35f7cbe854078d1ac9338744f61a02 -> 
  custom:container-demuxer-ogg: 62fdf1f143b41e24485cea50d1cbac27 -> 
  custom:video-encoder-webm-vp8: eb34c28f22e8b96e1ab97ce403110664 -> 
  custom:video-decoder-webm-vp8: 9c59270c3fd7afecdb556c50c9e8de78 -> 
  custom:audio-decoder-ogg-vorbis: bf7c407c2cedff20999df2af8eb42d56 -> 
  custom:audio-encoder-webm-vorbis: bf7c407c2cedff20999df2af8eb42d56 -> 
========================================================================
Received Prepare
Registering precompiled user dll's ...
Registered in 0.003997 seconds.
Begin MonoManager ReloadAssembly
Native extension for WindowsStandalone target not found
Refreshing native plugins compatible for Editor in 0.71 ms, found 3 plugins.
Preloading 0 native plugins for Editor in 0.00 ms.
Mono: successfully reloaded assembly
- Completed reload, in  0.962 seconds
Domain Reload Profiling:
	ReloadAssembly (963ms)
		BeginReloadAssembly (117ms)
			ExecutionOrderSort (0ms)
			DisableScriptedObjects (6ms)
			BackupInstance (0ms)
			ReleaseScriptingObjects (0ms)
			CreateAndSetChildDomain (33ms)
		EndReloadAssembly (789ms)
			LoadAssemblies (90ms)
			RebuildTransferFunctionScriptingTraits (0ms)
			SetupTypeCache (295ms)
			ReleaseScriptCaches (1ms)
			RebuildScriptCaches (47ms)
			SetupLoadedEditorAssemblies (261ms)
				LogAssemblyErrors (0ms)
				InitializePlatformSupportModulesInManaged (4ms)
				SetLoadedEditorAssemblies (1ms)
				RefreshPlugins (1ms)
				BeforeProcessingInitializeOnLoad (62ms)
				ProcessInitializeOnLoadAttributes (177ms)
				ProcessInitializeOnLoadMethodAttributes (10ms)
				AfterProcessingInitializeOnLoad (5ms)
				EditorAssembliesLoaded (0ms)
			ExecutionOrderSort2 (0ms)
			AwakeInstancesAfterBackupRestoration (9ms)
Platform modules already initialized, skipping
Refreshing native plugins compatible for Editor in 0.48 ms, found 3 plugins.
Preloading 0 native plugins for Editor in 0.00 ms.
Unloading 2206 Unused Serialized files (Serialized files now loaded: 0)
System memory in use before: 102.8 MB.
System memory in use after: 102.7 MB.

Unloading 23 unused Assets to reduce memory usage. Loaded Objects now: 2676.
Total: 2.791600 ms (FindLiveObjects: 0.139700 ms CreateObjectMapping: 0.065100 ms MarkObjects: 2.479700 ms  DeleteObjects: 0.106300 ms)

AssetImportParameters requested are different than current active one (requested -> active):
  custom:framework-win-MediaFoundation: 216162199b28c13a410421893ffa2e32 -> 
  custom:video-decoder-ogg-theora: a1e56fd34408186e4bbccfd4996cb3dc -> 
  custom:container-muxer-webm: aa71ff27fc2769a1b78a27578f13a17b -> 
  custom:container-demuxer-webm: 4f35f7cbe854078d1ac9338744f61a02 -> 
  custom:container-demuxer-ogg: 62fdf1f143b41e24485cea50d1cbac27 -> 
  custom:video-encoder-webm-vp8: eb34c28f22e8b96e1ab97ce403110664 -> 
  custom:video-decoder-webm-vp8: 9c59270c3fd7afecdb556c50c9e8de78 -> 
  custom:audio-decoder-ogg-vorbis: bf7c407c2cedff20999df2af8eb42d56 -> 
  custom:audio-encoder-webm-vorbis: bf7c407c2cedff20999df2af8eb42d56 -> 
========================================================================
Received Prepare
Registering precompiled user dll's ...
Registered in 0.004022 seconds.
Begin MonoManager ReloadAssembly
Native extension for WindowsStandalone target not found
Refreshing native plugins compatible for Editor in 0.44 ms, found 3 plugins.
Preloading 0 native plugins for Editor in 0.00 ms.
Mono: successfully reloaded assembly
- Completed reload, in  0.883 seconds
Domain Reload Profiling:
	ReloadAssembly (883ms)
		BeginReloadAssembly (100ms)
			ExecutionOrderSort (0ms)
			DisableScriptedObjects (5ms)
			BackupInstance (0ms)
			ReleaseScriptingObjects (0ms)
			CreateAndSetChildDomain (27ms)
		EndReloadAssembly (715ms)
			LoadAssemblies (92ms)
			RebuildTransferFunctionScriptingTraits (0ms)
			SetupTypeCache (254ms)
			ReleaseScriptCaches (1ms)
			RebuildScriptCaches (38ms)
			SetupLoadedEditorAssemblies (250ms)
				LogAssemblyErrors (0ms)
				InitializePlatformSupportModulesInManaged (4ms)
				SetLoadedEditorAssemblies (0ms)
				RefreshPlugins (0ms)
				BeforeProcessingInitializeOnLoad (54ms)
				ProcessInitializeOnLoadAttributes (174ms)
				ProcessInitializeOnLoadMethodAttributes (10ms)
				AfterProcessingInitializeOnLoad (6ms)
				EditorAssembliesLoaded (0ms)
			ExecutionOrderSort2 (0ms)
			AwakeInstancesAfterBackupRestoration (8ms)
Platform modules already initialized, skipping
Refreshing native plugins compatible for Editor in 0.69 ms, found 3 plugins.
Preloading 0 native plugins for Editor in 0.00 ms.
Unloading 2206 Unused Serialized files (Serialized files now loaded: 0)
System memory in use before: 102.8 MB.
System memory in use after: 102.7 MB.

Unloading 23 unused Assets to reduce memory usage. Loaded Objects now: 2678.
Total: 2.851100 ms (FindLiveObjects: 0.146300 ms CreateObjectMapping: 0.066400 ms MarkObjects: 2.525300 ms  DeleteObjects: 0.112500 ms)

AssetImportParameters requested are different than current active one (requested -> active):
  custom:framework-win-MediaFoundation: 216162199b28c13a410421893ffa2e32 -> 
  custom:video-decoder-ogg-theora: a1e56fd34408186e4bbccfd4996cb3dc -> 
  custom:container-muxer-webm: aa71ff27fc2769a1b78a27578f13a17b -> 
  custom:container-demuxer-webm: 4f35f7cbe854078d1ac9338744f61a02 -> 
  custom:container-demuxer-ogg: 62fdf1f143b41e24485cea50d1cbac27 -> 
  custom:video-encoder-webm-vp8: eb34c28f22e8b96e1ab97ce403110664 -> 
  custom:video-decoder-webm-vp8: 9c59270c3fd7afecdb556c50c9e8de78 -> 
  custom:audio-decoder-ogg-vorbis: bf7c407c2cedff20999df2af8eb42d56 -> 
  custom:audio-encoder-webm-vorbis: bf7c407c2cedff20999df2af8eb42d56 -> 
========================================================================
Received Prepare
Registering precompiled user dll's ...
Registered in 0.003965 seconds.
Begin MonoManager ReloadAssembly
Native extension for WindowsStandalone target not found
Refreshing native plugins compatible for Editor in 0.45 ms, found 3 plugins.
Preloading 0 native plugins for Editor in 0.00 ms.
Mono: successfully reloaded assembly
- Completed reload, in  0.868 seconds
Domain Reload Profiling:
	ReloadAssembly (868ms)
		BeginReloadAssembly (99ms)
			ExecutionOrderSort (0ms)
			DisableScriptedObjects (5ms)
			BackupInstance (0ms)
			ReleaseScriptingObjects (0ms)
			CreateAndSetChildDomain (28ms)
		EndReloadAssembly (716ms)
			LoadAssemblies (89ms)
			RebuildTransferFunctionScriptingTraits (0ms)
			SetupTypeCache (254ms)
			ReleaseScriptCaches (1ms)
			RebuildScriptCaches (38ms)
			SetupLoadedEditorAssemblies (248ms)
				LogAssemblyErrors (0ms)
				InitializePlatformSupportModulesInManaged (4ms)
				SetLoadedEditorAssemblies (0ms)
				RefreshPlugins (0ms)
				BeforeProcessingInitializeOnLoad (53ms)
				ProcessInitializeOnLoadAttributes (174ms)
				ProcessInitializeOnLoadMethodAttributes (10ms)
				AfterProcessingInitializeOnLoad (6ms)
				EditorAssembliesLoaded (0ms)
			ExecutionOrderSort2 (0ms)
			AwakeInstancesAfterBackupRestoration (9ms)
Platform modules already initialized, skipping
Refreshing native plugins compatible for Editor in 0.45 ms, found 3 plugins.
Preloading 0 native plugins for Editor in 0.00 ms.
Unloading 2206 Unused Serialized files (Serialized files now loaded: 0)
System memory in use before: 102.8 MB.
System memory in use after: 102.7 MB.

Unloading 23 unused Assets to reduce memory usage. Loaded Objects now: 2680.
Total: 3.007900 ms (FindLiveObjects: 0.146900 ms CreateObjectMapping: 0.069100 ms MarkObjects: 2.615000 ms  DeleteObjects: 0.175900 ms)

AssetImportParameters requested are different than current active one (requested -> active):
  custom:framework-win-MediaFoundation: 216162199b28c13a410421893ffa2e32 -> 
  custom:video-decoder-ogg-theora: a1e56fd34408186e4bbccfd4996cb3dc -> 
  custom:container-muxer-webm: aa71ff27fc2769a1b78a27578f13a17b -> 
  custom:container-demuxer-webm: 4f35f7cbe854078d1ac9338744f61a02 -> 
  custom:container-demuxer-ogg: 62fdf1f143b41e24485cea50d1cbac27 -> 
  custom:video-encoder-webm-vp8: eb34c28f22e8b96e1ab97ce403110664 -> 
  custom:video-decoder-webm-vp8: 9c59270c3fd7afecdb556c50c9e8de78 -> 
  custom:audio-decoder-ogg-vorbis: bf7c407c2cedff20999df2af8eb42d56 -> 
  custom:audio-encoder-webm-vorbis: bf7c407c2cedff20999df2af8eb42d56 -> 
========================================================================
Received Prepare
Registering precompiled user dll's ...
Registered in 0.003999 seconds.
Begin MonoManager ReloadAssembly
Native extension for WindowsStandalone target not found
Refreshing native plugins compatible for Editor in 0.44 ms, found 3 plugins.
Preloading 0 native plugins for Editor in 0.00 ms.
Mono: successfully reloaded assembly
- Completed reload, in  0.867 seconds
Domain Reload Profiling:
	ReloadAssembly (868ms)
		BeginReloadAssembly (107ms)
			ExecutionOrderSort (0ms)
			DisableScriptedObjects (5ms)
			BackupInstance (0ms)
			ReleaseScriptingObjects (0ms)
			CreateAndSetChildDomain (29ms)
		EndReloadAssembly (707ms)
			LoadAssemblies (89ms)
			RebuildTransferFunctionScriptingTraits (0ms)
			SetupTypeCache (253ms)
			ReleaseScriptCaches (1ms)
			RebuildScriptCaches (39ms)
			SetupLoadedEditorAssemblies (243ms)
				LogAssemblyErrors (0ms)
				InitializePlatformSupportModulesInManaged (4ms)
				SetLoadedEditorAssemblies (0ms)
				RefreshPlugins (0ms)
				BeforeProcessingInitializeOnLoad (53ms)
				ProcessInitializeOnLoadAttributes (170ms)
				ProcessInitializeOnLoadMethodAttributes (10ms)
				AfterProcessingInitializeOnLoad (6ms)
				EditorAssembliesLoaded (0ms)
			ExecutionOrderSort2 (0ms)
			AwakeInstancesAfterBackupRestoration (8ms)
Platform modules already initialized, skipping
Refreshing native plugins compatible for Editor in 0.52 ms, found 3 plugins.
Preloading 0 native plugins for Editor in 0.00 ms.
Unloading 2206 Unused Serialized files (Serialized files now loaded: 0)
System memory in use before: 102.8 MB.
System memory in use after: 102.8 MB.

Unloading 23 unused Assets to reduce memory usage. Loaded Objects now: 2682.
Total: 3.055300 ms (FindLiveObjects: 0.175100 ms CreateObjectMapping: 0.081200 ms MarkObjects: 2.686700 ms  DeleteObjects: 0.111400 ms)

AssetImportParameters requested are different than current active one (requested -> active):
  custom:framework-win-MediaFoundation: 216162199b28c13a410421893ffa2e32 -> 
  custom:video-decoder-ogg-theora: a1e56fd34408186e4bbccfd4996cb3dc -> 
  custom:container-muxer-webm: aa71ff27fc2769a1b78a27578f13a17b -> 
  custom:container-demuxer-webm: 4f35f7cbe854078d1ac9338744f61a02 -> 
  custom:container-demuxer-ogg: 62fdf1f143b41e24485cea50d1cbac27 -> 
  custom:video-encoder-webm-vp8: eb34c28f22e8b96e1ab97ce403110664 -> 
  custom:video-decoder-webm-vp8: 9c59270c3fd7afecdb556c50c9e8de78 -> 
  custom:audio-decoder-ogg-vorbis: bf7c407c2cedff20999df2af8eb42d56 -> 
  custom:audio-encoder-webm-vorbis: bf7c407c2cedff20999df2af8eb42d56 -> 
========================================================================
Received Prepare
Refreshing native plugins compatible for Editor in 5.96 ms, found 3 plugins.
Preloading 0 native plugins for Editor in 0.00 ms.
Unloading 21 Unused Serialized files (Serialized files now loaded: 0)
System memory in use before: 59.6 MB.
System memory in use after: 59.6 MB.

Unloading 21 unused Assets to reduce memory usage. Loaded Objects now: 2682.
Total: 2.938900 ms (FindLiveObjects: 0.199900 ms CreateObjectMapping: 0.123700 ms MarkObjects: 2.500500 ms  DeleteObjects: 0.113500 ms)

AssetImportParameters requested are different than current active one (requested -> active):
  custom:framework-win-MediaFoundation: 216162199b28c13a410421893ffa2e32 -> 
  custom:video-decoder-ogg-theora: a1e56fd34408186e4bbccfd4996cb3dc -> 
  custom:container-muxer-webm: aa71ff27fc2769a1b78a27578f13a17b -> 
  custom:container-demuxer-webm: 4f35f7cbe854078d1ac9338744f61a02 -> 
  custom:container-demuxer-ogg: 62fdf1f143b41e24485cea50d1cbac27 -> 
  custom:video-encoder-webm-vp8: eb34c28f22e8b96e1ab97ce403110664 -> 
  custom:video-decoder-webm-vp8: 9c59270c3fd7afecdb556c50c9e8de78 -> 
  custom:audio-decoder-ogg-vorbis: bf7c407c2cedff20999df2af8eb42d56 -> 
  custom:audio-encoder-webm-vorbis: bf7c407c2cedff20999df2af8eb42d56 -> 
AssetImportWorkerClient::OnTransportError - code=2 error=End of file
